::1 - - [23/Apr/2025:02:37:23 +0000] "POST /api/v1/register HTTP/1.1" 500 2091 "-" "PostmanRuntime/7.43.3"
::1 - - [23/Apr/2025:02:37:37 +0000] "POST /api/v1/register HTTP/1.1" 200 8 "-" "PostmanRuntime/7.43.3"
::1 - - [23/Apr/2025:02:37:58 +0000] "POST /api/v1/register HTTP/1.1" 500 996 "-" "PostmanRuntime/7.43.3"
::1 - - [23/Apr/2025:02:37:59 +0000] "POST /api/v1/register HTTP/1.1" 500 996 "-" "PostmanRuntime/7.43.3"
::1 - - [23/Apr/2025:02:38:21 +0000] "POST /api/v1/register HTTP/1.1" 404 1039 "-" "PostmanRuntime/7.43.3"
::1 - - [23/Apr/2025:02:38:57 +0000] "POST /api/v1/register HTTP/1.1" 200 8 "-" "PostmanRuntime/7.43.3"
::1 - - [23/Apr/2025:02:39:17 +0000] "POST /api/v1/register HTTP/1.1" 404 1039 "-" "PostmanRuntime/7.43.3"
::1 - - [23/Apr/2025:02:39:33 +0000] "POST /api/v1/register HTTP/1.1" 404 1039 "-" "PostmanRuntime/7.43.3"
::1 - - [23/Apr/2025:02:41:49 +0000] "POST /api/v1/register HTTP/1.1" 500 977 "-" "PostmanRuntime/7.43.3"
::1 - - [23/Apr/2025:02:42:03 +0000] "POST /api/v1/register HTTP/1.1" 500 977 "-" "PostmanRuntime/7.43.3"
::1 - - [23/Apr/2025:02:42:07 +0000] "POST /api/v1/register HTTP/1.1" 500 977 "-" "PostmanRuntime/7.43.3"
::1 - - [23/Apr/2025:02:42:15 +0000] "POST /api/v1/register HTTP/1.1" 500 993 "-" "PostmanRuntime/7.43.3"
::1 - - [23/Apr/2025:02:42:32 +0000] "POST /api/v1/register HTTP/1.1" 500 993 "-" "PostmanRuntime/7.43.3"
::1 - - [23/Apr/2025:02:42:41 +0000] "POST /api/v1/register HTTP/1.1" 500 993 "-" "PostmanRuntime/7.43.3"
::1 - - [23/Apr/2025:02:42:45 +0000] "POST /api/v1/register HTTP/1.1" 500 993 "-" "PostmanRuntime/7.43.3"
::1 - - [23/Apr/2025:02:42:50 +0000] "POST /api/v1/register HTTP/1.1" 500 993 "-" "PostmanRuntime/7.43.3"
::1 - - [23/Apr/2025:02:42:53 +0000] "POST /api/v1/register HTTP/1.1" 500 993 "-" "PostmanRuntime/7.43.3"
::1 - - [23/Apr/2025:02:43:09 +0000] "POST /api/v1/register HTTP/1.1" 500 997 "-" "PostmanRuntime/7.43.3"
::1 - - [23/Apr/2025:02:43:56 +0000] "POST /api/v1/register HTTP/1.1" 500 40 "-" "PostmanRuntime/7.43.3"
::1 - - [23/Apr/2025:02:44:01 +0000] "POST /api/v1/register HTTP/1.1" 500 40 "-" "PostmanRuntime/7.43.3"
::1 - - [23/Apr/2025:02:44:06 +0000] "POST /api/v1/register HTTP/1.1" 500 40 "-" "PostmanRuntime/7.43.3"
::1 - - [23/Apr/2025:02:44:22 +0000] "POST /api/v1/register HTTP/1.1" 404 61 "-" "PostmanRuntime/7.43.3"
::1 - - [23/Apr/2025:02:45:30 +0000] "POST /api/v1/register HTTP/1.1" 500 72 "-" "PostmanRuntime/7.43.3"
::1 - - [23/Apr/2025:02:45:31 +0000] "POST /api/v1/register HTTP/1.1" 500 72 "-" "PostmanRuntime/7.43.3"
::1 - - [23/Apr/2025:02:47:48 +0000] "POST /api/v1/register HTTP/1.1" 404 61 "-" "PostmanRuntime/7.43.3"
::1 - - [23/Apr/2025:02:47:55 +0000] "POST /api/v1/register HTTP/1.1" 404 61 "-" "PostmanRuntime/7.43.3"
::1 - - [23/Apr/2025:02:48:11 +0000] "POST /api/v1/register HTTP/1.1" 404 61 "-" "PostmanRuntime/7.43.3"
::1 - - [23/Apr/2025:02:48:38 +0000] "POST /api/v1/register HTTP/1.1" 404 61 "-" "PostmanRuntime/7.43.3"
::1 - - [23/Apr/2025:02:48:39 +0000] "POST /api/v1/register HTTP/1.1" 404 61 "-" "PostmanRuntime/7.43.3"
::1 - - [23/Apr/2025:02:48:40 +0000] "POST /api/v1/register HTTP/1.1" 404 61 "-" "PostmanRuntime/7.43.3"
::1 - - [23/Apr/2025:02:48:47 +0000] "POST /api/v1/register HTTP/1.1" 404 24 "-" "PostmanRuntime/7.43.3"
::1 - - [23/Apr/2025:02:49:19 +0000] "POST /api/v1/register HTTP/1.1" 404 24 "-" "PostmanRuntime/7.43.3"
::1 - - [23/Apr/2025:02:50:00 +0000] "POST /api/v1/register HTTP/1.1" 404 24 "-" "PostmanRuntime/7.43.3"
::1 - - [23/Apr/2025:02:50:17 +0000] "POST /api/v1/register HTTP/1.1" 404 24 "-" "PostmanRuntime/7.43.3"
::1 - - [23/Apr/2025:02:50:18 +0000] "POST /api/v1/register HTTP/1.1" 404 24 "-" "PostmanRuntime/7.43.3"
::1 - - [23/Apr/2025:02:50:20 +0000] "POST /api/v1/register HTTP/1.1" 404 24 "-" "PostmanRuntime/7.43.3"
::1 - - [23/Apr/2025:02:50:39 +0000] "POST /api/v1/register HTTP/1.1" 404 61 "-" "PostmanRuntime/7.43.3"
::1 - - [23/Apr/2025:02:51:29 +0000] "POST /api/v1/register HTTP/1.1" 404 233 "-" "PostmanRuntime/7.43.3"
::1 - - [23/Apr/2025:02:51:30 +0000] "POST /api/v1/register HTTP/1.1" 404 233 "-" "PostmanRuntime/7.43.3"
::1 - - [23/Apr/2025:02:51:31 +0000] "POST /api/v1/register HTTP/1.1" 404 233 "-" "PostmanRuntime/7.43.3"
::1 - - [23/Apr/2025:02:52:32 +0000] "POST /api/v1/register HTTP/1.1" 404 29 "-" "PostmanRuntime/7.43.3"
::1 - - [23/Apr/2025:02:52:58 +0000] "POST /api/v1/register HTTP/1.1" 500 56 "-" "PostmanRuntime/7.43.3"
::1 - - [23/Apr/2025:02:53:14 +0000] "POST /api/v1/register HTTP/1.1" 404 29 "-" "PostmanRuntime/7.43.3"
::1 - - [23/Apr/2025:02:53:42 +0000] "POST /api/v1/register HTTP/1.1" 404 29 "-" "PostmanRuntime/7.43.3"
::1 - - [23/Apr/2025:02:53:44 +0000] "POST /api/v1/register HTTP/1.1" 404 29 "-" "PostmanRuntime/7.43.3"
::1 - - [23/Apr/2025:02:56:21 +0000] "POST /api/v1/register HTTP/1.1" 500 78 "-" "PostmanRuntime/7.43.3"
::1 - - [23/Apr/2025:02:56:25 +0000] "POST /api/v1/register HTTP/1.1" 500 78 "-" "PostmanRuntime/7.43.3"
::1 - - [23/Apr/2025:02:57:16 +0000] "POST /api/v1/register HTTP/1.1" 500 155 "-" "PostmanRuntime/7.43.3"
::1 - - [23/Apr/2025:02:57:56 +0000] "POST /api/v1/register HTTP/1.1" 500 155 "-" "PostmanRuntime/7.43.3"
::1 - - [23/Apr/2025:02:58:32 +0000] "POST /api/v1/register HTTP/1.1" 500 155 "-" "PostmanRuntime/7.43.3"
::1 - - [23/Apr/2025:02:58:41 +0000] "POST /api/v1/register HTTP/1.1" 500 155 "-" "PostmanRuntime/7.43.3"
::1 - - [23/Apr/2025:02:59:10 +0000] "POST /api/v1/register HTTP/1.1" 400 155 "-" "PostmanRuntime/7.43.3"
::1 - - [23/Apr/2025:02:59:40 +0000] "POST /api/v1/register HTTP/1.1" 400 33 "-" "PostmanRuntime/7.43.3"
::1 - - [23/Apr/2025:02:59:56 +0000] "POST /api/v1/register HTTP/1.1" 500 54 "-" "PostmanRuntime/7.43.3"
::1 - - [23/Apr/2025:03:00:11 +0000] "POST /api/v1/register HTTP/1.1" 400 117 "-" "PostmanRuntime/7.43.3"
::1 - - [23/Apr/2025:03:00:52 +0000] "POST /api/v1/register HTTP/1.1" 400 236 "-" "PostmanRuntime/7.43.3"
::1 - - [23/Apr/2025:03:01:04 +0000] "POST /api/v1/register HTTP/1.1" 400 152 "-" "PostmanRuntime/7.43.3"
::1 - - [23/Apr/2025:03:01:13 +0000] "POST /api/v1/register HTTP/1.1" 400 108 "-" "PostmanRuntime/7.43.3"
::1 - - [23/Apr/2025:03:01:19 +0000] "POST /api/v1/register HTTP/1.1" 500 52 "-" "PostmanRuntime/7.43.3"
::1 - - [23/Apr/2025:03:01:36 +0000] "POST /api/v1/register HTTP/1.1" 500 52 "-" "PostmanRuntime/7.43.3"
::1 - - [23/Apr/2025:03:01:46 +0000] "POST /api/v1/register HTTP/1.1" 200 8 "-" "PostmanRuntime/7.43.3"
::1 - - [23/Apr/2025:03:02:33 +0000] "POST /api/v1/register HTTP/1.1" 500 52 "-" "PostmanRuntime/7.43.3"
::1 - - [23/Apr/2025:03:03:40 +0000] "POST /api/v1/register HTTP/1.1" 500 46 "-" "PostmanRuntime/7.43.3"
::1 - - [23/Apr/2025:03:04:25 +0000] "POST /api/v1/register HTTP/1.1" 200 8 "-" "PostmanRuntime/7.43.3"
::1 - - [23/Apr/2025:03:12:47 +0000] "POST /api/v1/register HTTP/1.1" 200 33 "-" "PostmanRuntime/7.43.3"
::1 - - [23/Apr/2025:03:28:12 +0000] "POST /api/v1/register HTTP/1.1" 200 66 "-" "PostmanRuntime/7.43.3"
::1 - - [23/Apr/2025:03:28:45 +0000] "POST /api/v1/register HTTP/1.1" 200 66 "-" "PostmanRuntime/7.43.3"
::1 - - [23/Apr/2025:03:29:59 +0000] "POST /api/v1/register HTTP/1.1" 200 45 "-" "PostmanRuntime/7.43.3"
::1 - - [23/Apr/2025:03:30:33 +0000] "POST /api/v1/register HTTP/1.1" 200 45 "-" "PostmanRuntime/7.43.3"
::1 - - [23/Apr/2025:03:30:35 +0000] "POST /api/v1/register HTTP/1.1" 200 45 "-" "PostmanRuntime/7.43.3"
::1 - - [23/Apr/2025:03:31:18 +0000] "POST /api/v1/register HTTP/1.1" 200 33 "-" "PostmanRuntime/7.43.3"
::1 - - [23/Apr/2025:03:31:19 +0000] "POST /api/v1/register HTTP/1.1" 200 33 "-" "PostmanRuntime/7.43.3"
::1 - - [23/Apr/2025:03:31:46 +0000] "POST /api/v1/register HTTP/1.1" 200 33 "-" "PostmanRuntime/7.43.3"
::1 - - [23/Apr/2025:03:33:19 +0000] "POST /api/v1/register HTTP/1.1" 400 52 "-" "PostmanRuntime/7.43.3"
::1 - - [23/Apr/2025:03:33:32 +0000] "POST /api/v1/register HTTP/1.1" 400 86 "-" "PostmanRuntime/7.43.3"
::1 - - [23/Apr/2025:03:33:36 +0000] "POST /api/v1/register HTTP/1.1" 200 41 "-" "PostmanRuntime/7.43.3"
::1 - - [23/Apr/2025:03:38:45 +0000] "POST /api/v1/register HTTP/1.1" 400 80 "-" "PostmanRuntime/7.43.3"
::1 - - [23/Apr/2025:03:39:13 +0000] "POST /api/v1/register HTTP/1.1" 400 80 "-" "PostmanRuntime/7.43.3"
::1 - - [23/Apr/2025:03:39:49 +0000] "POST /api/v1/register HTTP/1.1" 400 80 "-" "PostmanRuntime/7.43.3"
::1 - - [23/Apr/2025:03:40:31 +0000] "POST /api/v1/register HTTP/1.1" 400 80 "-" "PostmanRuntime/7.43.3"
::1 - - [23/Apr/2025:03:40:39 +0000] "POST /api/v1/register HTTP/1.1" 400 80 "-" "PostmanRuntime/7.43.3"
::1 - - [23/Apr/2025:03:40:40 +0000] "POST /api/v1/register HTTP/1.1" 400 80 "-" "PostmanRuntime/7.43.3"
::1 - - [23/Apr/2025:03:41:04 +0000] "POST /api/v1/register HTTP/1.1" 400 80 "-" "PostmanRuntime/7.43.3"
::1 - - [23/Apr/2025:03:41:05 +0000] "POST /api/v1/register HTTP/1.1" 400 80 "-" "PostmanRuntime/7.43.3"
::1 - - [23/Apr/2025:03:41:31 +0000] "POST /api/v1/register HTTP/1.1" 400 80 "-" "PostmanRuntime/7.43.3"
::1 - - [23/Apr/2025:03:41:33 +0000] "POST /api/v1/register HTTP/1.1" 400 80 "-" "PostmanRuntime/7.43.3"
::1 - - [23/Apr/2025:03:41:34 +0000] "POST /api/v1/register HTTP/1.1" 400 80 "-" "PostmanRuntime/7.43.3"
::1 - - [23/Apr/2025:03:41:57 +0000] "POST /api/v1/register HTTP/1.1" 400 80 "-" "PostmanRuntime/7.43.3"
::1 - - [23/Apr/2025:03:41:58 +0000] "POST /api/v1/register HTTP/1.1" 400 80 "-" "PostmanRuntime/7.43.3"
::1 - - [23/Apr/2025:03:42:20 +0000] "POST /api/v1/register HTTP/1.1" 200 92 "-" "PostmanRuntime/7.43.3"
::1 - - [23/Apr/2025:03:42:51 +0000] "POST /api/v1/register HTTP/1.1" 200 45 "-" "PostmanRuntime/7.43.3"
::1 - - [23/Apr/2025:03:42:57 +0000] "POST /api/v1/register HTTP/1.1" 200 23 "-" "PostmanRuntime/7.43.3"
::1 - - [23/Apr/2025:03:44:09 +0000] "POST /api/v1/register HTTP/1.1" 200 138 "-" "PostmanRuntime/7.43.3"
::1 - - [23/Apr/2025:03:58:23 +0000] "GET /api/v1/login HTTP/1.1" 500 85 "-" "PostmanRuntime/7.43.3"
::1 - - [23/Apr/2025:03:58:50 +0000] "POST /api/v1/login HTTP/1.1" 500 85 "-" "PostmanRuntime/7.43.3"
::1 - - [23/Apr/2025:03:58:52 +0000] "POST /api/v1/login HTTP/1.1" 500 85 "-" "PostmanRuntime/7.43.3"
::1 - - [23/Apr/2025:03:59:56 +0000] "POST /api/v1/login HTTP/1.1" 500 85 "-" "PostmanRuntime/7.43.3"
::1 - - [23/Apr/2025:03:59:58 +0000] "POST /api/v1/login HTTP/1.1" 500 85 "-" "PostmanRuntime/7.43.3"
::1 - - [23/Apr/2025:04:00:01 +0000] "POST /api/v1/login HTTP/1.1" 500 85 "-" "PostmanRuntime/7.43.3"
::1 - - [23/Apr/2025:04:00:30 +0000] "POST /api/v1/register HTTP/1.1" 400 44 "-" "PostmanRuntime/7.43.3"
::1 - - [23/Apr/2025:04:00:40 +0000] "POST /api/v1/register HTTP/1.1" 400 33 "-" "PostmanRuntime/7.43.3"
::1 - - [23/Apr/2025:04:00:51 +0000] "POST /api/v1/login HTTP/1.1" 400 47 "-" "PostmanRuntime/7.43.3"
::1 - - [23/Apr/2025:04:00:52 +0000] "POST /api/v1/login HTTP/1.1" 400 47 "-" "PostmanRuntime/7.43.3"
::1 - - [23/Apr/2025:04:00:53 +0000] "POST /api/v1/login HTTP/1.1" 400 47 "-" "PostmanRuntime/7.43.3"
::1 - - [23/Apr/2025:04:01:35 +0000] "POST /api/v1/login HTTP/1.1" - - "-" "PostmanRuntime/7.43.3"
::1 - - [23/Apr/2025:04:01:52 +0000] "POST /api/v1/login HTTP/1.1" - - "-" "PostmanRuntime/7.43.3"
::1 - - [23/Apr/2025:04:02:20 +0000] "POST /api/v1/login HTTP/1.1" 200 29 "-" "PostmanRuntime/7.43.3"
::1 - - [23/Apr/2025:04:02:29 +0000] "POST /api/v1/login HTTP/1.1" 200 45 "-" "PostmanRuntime/7.43.3"
::1 - - [23/Apr/2025:04:04:40 +0000] "POST /api/v1/login HTTP/1.1" 200 45 "-" "PostmanRuntime/7.43.3"
::1 - - [23/Apr/2025:04:05:25 +0000] "POST /api/v1/login HTTP/1.1" 200 45 "-" "PostmanRuntime/7.43.3"
::1 - - [23/Apr/2025:04:05:30 +0000] "POST /api/v1/login HTTP/1.1" 200 222 "-" "PostmanRuntime/7.43.3"
::1 - - [23/Apr/2025:04:06:07 +0000] "POST /api/v1/login HTTP/1.1" 200 220 "-" "PostmanRuntime/7.43.3"
::1 - - [23/Apr/2025:04:09:52 +0000] "POST /api/v1/login HTTP/1.1" 200 39 "-" "PostmanRuntime/7.43.3"
::1 - - [23/Apr/2025:04:10:41 +0000] "POST /api/v1/login HTTP/1.1" 200 220 "-" "PostmanRuntime/7.43.3"
::1 - - [23/Apr/2025:04:10:47 +0000] "POST /api/v1/login HTTP/1.1" 200 45 "-" "PostmanRuntime/7.43.3"
::1 - - [23/Apr/2025:04:11:06 +0000] "POST /api/v1/login HTTP/1.1" 200 45 "-" "PostmanRuntime/7.43.3"
::1 - - [23/Apr/2025:04:17:51 +0000] "POST /api/v1/login HTTP/1.1" 200 45 "-" "PostmanRuntime/7.43.3"
::1 - - [23/Apr/2025:04:17:56 +0000] "POST /api/v1/login HTTP/1.1" 200 447 "-" "PostmanRuntime/7.43.3"
::1 - - [23/Apr/2025:04:24:14 +0000] "POST /api/v1/login HTTP/1.1" 200 447 "-" "PostmanRuntime/7.43.3"
::1 - - [23/Apr/2025:04:25:50 +0000] "POST /api/v1/register HTTP/1.1" 200 29 "-" "PostmanRuntime/7.43.3"
::1 - - [23/Apr/2025:04:26:00 +0000] "POST /api/v1/register HTTP/1.1" 200 271 "-" "PostmanRuntime/7.43.3"
::1 - - [23/Apr/2025:04:26:36 +0000] "POST /api/v1/login HTTP/1.1" 200 146 "-" "PostmanRuntime/7.43.3"
::1 - - [23/Apr/2025:04:26:41 +0000] "POST /api/v1/login HTTP/1.1" 200 146 "-" "PostmanRuntime/7.43.3"
::1 - - [23/Apr/2025:04:27:24 +0000] "POST /api/v1/login HTTP/1.1" 200 146 "-" "PostmanRuntime/7.43.3"
::1 - - [23/Apr/2025:04:27:51 +0000] "POST /api/v1/login HTTP/1.1" - - "-" "PostmanRuntime/7.43.3"
::1 - - [23/Apr/2025:04:28:23 +0000] "POST /api/v1/login HTTP/1.1" 200 146 "-" "PostmanRuntime/7.43.3"
::1 - - [23/Apr/2025:04:28:50 +0000] "POST /api/v1/login HTTP/1.1" 200 146 "-" "PostmanRuntime/7.43.3"
::1 - - [23/Apr/2025:04:29:08 +0000] "POST /api/v1/login HTTP/1.1" 200 146 "-" "PostmanRuntime/7.43.3"
::1 - - [23/Apr/2025:04:29:33 +0000] "POST /api/v1/login HTTP/1.1" 200 146 "-" "PostmanRuntime/7.43.3"
::1 - - [23/Apr/2025:04:30:08 +0000] "POST /api/v1/login HTTP/1.1" 401 27 "-" "PostmanRuntime/7.43.3"
::1 - - [23/Apr/2025:04:30:48 +0000] "POST /api/v1/login HTTP/1.1" 401 26 "-" "PostmanRuntime/7.43.3"
::1 - - [23/Apr/2025:04:31:18 +0000] "POST /api/v1/login HTTP/1.1" 401 26 "-" "PostmanRuntime/7.43.3"
::1 - - [23/Apr/2025:04:34:11 +0000] "POST /api/v1/login HTTP/1.1" 200 146 "-" "PostmanRuntime/7.43.3"
::1 - - [23/Apr/2025:04:34:23 +0000] "POST /api/v1/login HTTP/1.1" 401 26 "-" "PostmanRuntime/7.43.3"
::1 - - [23/Apr/2025:04:48:12 +0000] "POST /api/v1/admin/user HTTP/1.1" 401 27 "-" "PostmanRuntime/7.43.3"
::1 - - [23/Apr/2025:04:48:48 +0000] "POST /api/v1/admin/user HTTP/1.1" 404 44 "-" "PostmanRuntime/7.43.3"
::1 - - [23/Apr/2025:04:48:52 +0000] "GET /api/v1/admin/user HTTP/1.1" 500 85 "-" "PostmanRuntime/7.43.3"
::1 - - [23/Apr/2025:04:49:49 +0000] "GET /api/v1/admin/user HTTP/1.1" 500 80 "-" "PostmanRuntime/7.43.3"
::1 - - [23/Apr/2025:04:50:24 +0000] "GET /api/v1/admin/user HTTP/1.1" 404 44 "-" "PostmanRuntime/7.43.3"
::1 - - [23/Apr/2025:04:50:26 +0000] "GET /api/v1/admin/user HTTP/1.1" 404 44 "-" "PostmanRuntime/7.43.3"
::1 - - [23/Apr/2025:04:50:29 +0000] "GET /api/v1/admin/user/1 HTTP/1.1" 500 35 "-" "PostmanRuntime/7.43.3"
::1 - - [23/Apr/2025:04:50:57 +0000] "GET /api/v1/admin/user/1 HTTP/1.1" 500 52 "-" "PostmanRuntime/7.43.3"
::1 - - [23/Apr/2025:04:51:19 +0000] "GET /api/v1/admin/user/1 HTTP/1.1" 200 419 "-" "PostmanRuntime/7.43.3"
::1 - - [23/Apr/2025:04:54:01 +0000] "POST /api/v1/login HTTP/1.1" 401 27 "-" "PostmanRuntime/7.43.3"
::1 - - [23/Apr/2025:04:54:04 +0000] "POST /api/v1/login HTTP/1.1" 401 27 "-" "PostmanRuntime/7.43.3"
::1 - - [23/Apr/2025:04:54:37 +0000] "POST /api/v1/login HTTP/1.1" 401 27 "-" "PostmanRuntime/7.43.3"
::1 - - [23/Apr/2025:04:55:09 +0000] "POST /api/v1/login HTTP/1.1" 401 27 "-" "PostmanRuntime/7.43.3"
::1 - - [23/Apr/2025:04:55:35 +0000] "POST /api/v1/login HTTP/1.1" 401 27 "-" "PostmanRuntime/7.43.3"
::1 - - [23/Apr/2025:04:56:08 +0000] "POST /api/v1/login HTTP/1.1" 401 27 "-" "PostmanRuntime/7.43.3"
::1 - - [23/Apr/2025:04:56:44 +0000] "POST /api/v1/login HTTP/1.1" 401 27 "-" "PostmanRuntime/7.43.3"
::1 - - [23/Apr/2025:04:57:21 +0000] "POST /api/v1/login HTTP/1.1" 401 27 "-" "PostmanRuntime/7.43.3"
::1 - - [23/Apr/2025:04:57:51 +0000] "POST /api/v1/login HTTP/1.1" 401 27 "-" "PostmanRuntime/7.43.3"
::1 - - [23/Apr/2025:04:58:17 +0000] "POST /api/v1/login HTTP/1.1" 401 27 "-" "PostmanRuntime/7.43.3"
::1 - - [23/Apr/2025:04:58:27 +0000] "POST /api/v1/login HTTP/1.1" 500 59 "-" "PostmanRuntime/7.43.3"
::1 - - [23/Apr/2025:04:58:39 +0000] "POST /api/v1/login HTTP/1.1" 500 59 "-" "PostmanRuntime/7.43.3"
::1 - - [23/Apr/2025:04:59:05 +0000] "POST /api/v1/login HTTP/1.1" 500 59 "-" "PostmanRuntime/7.43.3"
::1 - - [23/Apr/2025:04:59:15 +0000] "POST /api/v1/login HTTP/1.1" 500 59 "-" "PostmanRuntime/7.43.3"
::1 - - [23/Apr/2025:04:59:37 +0000] "POST /api/v1/login HTTP/1.1" 500 59 "-" "PostmanRuntime/7.43.3"
::1 - - [23/Apr/2025:04:59:59 +0000] "POST /api/v1/login HTTP/1.1" 200 346 "-" "PostmanRuntime/7.43.3"
::1 - - [23/Apr/2025:05:00:10 +0000] "GET /api/v1/admin/user/1 HTTP/1.1" 401 26 "-" "PostmanRuntime/7.43.3"
::1 - - [23/Apr/2025:05:00:14 +0000] "GET /api/v1/admin/user/1 HTTP/1.1" 401 26 "-" "PostmanRuntime/7.43.3"
::1 - - [23/Apr/2025:05:00:19 +0000] "GET /api/v1/admin/user/1 HTTP/1.1" 200 419 "-" "PostmanRuntime/7.43.3"
::1 - - [23/Apr/2025:05:00:26 +0000] "GET /api/v1/admin/user HTTP/1.1" 404 44 "-" "PostmanRuntime/7.43.3"
::1 - - [23/Apr/2025:05:00:28 +0000] "GET /api/v1/admin/user HTTP/1.1" 404 44 "-" "PostmanRuntime/7.43.3"
::1 - - [23/Apr/2025:05:00:39 +0000] "GET /api/v1/admin/user/ HTTP/1.1" 404 44 "-" "PostmanRuntime/7.43.3"
::1 - - [23/Apr/2025:05:00:42 +0000] "GET /api/v1/admin/user/ HTTP/1.1" 404 44 "-" "PostmanRuntime/7.43.3"
::1 - - [23/Apr/2025:05:00:44 +0000] "GET /api/v1/admin/user/2 HTTP/1.1" 200 419 "-" "PostmanRuntime/7.43.3"
::1 - - [23/Apr/2025:05:00:52 +0000] "GET /api/v1/admin/user/1 HTTP/1.1" 200 419 "-" "PostmanRuntime/7.43.3"
::1 - - [23/Apr/2025:05:01:30 +0000] "GET /api/v1/admin/user HTTP/1.1" 404 44 "-" "PostmanRuntime/7.43.3"
::1 - - [23/Apr/2025:06:10:22 +0000] "GET /api/v1/admin/user HTTP/1.1" 401 26 "-" "PostmanRuntime/7.43.3"
::1 - - [23/Apr/2025:06:12:11 +0000] "GET /api/v1/admin/user HTTP/1.1" 401 26 "-" "PostmanRuntime/7.43.3"
::1 - - [23/Apr/2025:06:12:37 +0000] "GET /api/v1/admin/user HTTP/1.1" 401 26 "-" "PostmanRuntime/7.43.3"
::1 - - [23/Apr/2025:06:13:37 +0000] "GET /api/v1/admin/user HTTP/1.1" 401 26 "-" "PostmanRuntime/7.43.3"
::1 - - [23/Apr/2025:06:20:01 +0000] "GET /api/v1/admin/user HTTP/1.1" 401 29 "-" "PostmanRuntime/7.43.3"
::1 - - [23/Apr/2025:06:20:07 +0000] "GET /api/v1/admin/user HTTP/1.1" 401 21 "-" "PostmanRuntime/7.43.3"
::1 - - [23/Apr/2025:06:21:25 +0000] "GET /api/v1/admin/user HTTP/1.1" 401 21 "-" "PostmanRuntime/7.43.3"
::1 - - [23/Apr/2025:06:21:26 +0000] "GET /api/v1/admin/user HTTP/1.1" 401 21 "-" "PostmanRuntime/7.43.3"
::1 - - [23/Apr/2025:06:22:23 +0000] "GET /api/v1/admin/user HTTP/1.1" 401 29 "-" "PostmanRuntime/7.43.3"
::1 - - [23/Apr/2025:06:22:29 +0000] "POST /api/v1/login HTTP/1.1" 200 346 "-" "PostmanRuntime/7.43.3"
::1 - - [23/Apr/2025:06:22:39 +0000] "GET /api/v1/admin/user HTTP/1.1" 200 419 "-" "PostmanRuntime/7.43.3"
::1 - - [23/Apr/2025:06:29:47 +0000] "GET /api/v1/admin/user HTTP/1.1" 403 31 "-" "PostmanRuntime/7.43.3"
::1 - - [23/Apr/2025:06:30:09 +0000] "POST /api/v1/register HTTP/1.1" 200 273 "-" "PostmanRuntime/7.43.3"
::1 - - [23/Apr/2025:06:30:32 +0000] "GET /api/v1/admin/user HTTP/1.1" 403 31 "-" "PostmanRuntime/7.43.3"
::1 - - [23/Apr/2025:06:30:34 +0000] "GET /api/v1/admin/user HTTP/1.1" 403 31 "-" "PostmanRuntime/7.43.3"
::1 - - [23/Apr/2025:06:30:38 +0000] "GET /api/v1/admin/user HTTP/1.1" 403 31 "-" "PostmanRuntime/7.43.3"
::1 - - [23/Apr/2025:06:30:40 +0000] "GET /api/v1/admin/user HTTP/1.1" 403 31 "-" "PostmanRuntime/7.43.3"
::1 - - [23/Apr/2025:06:31:02 +0000] "GET /api/v1/admin/user HTTP/1.1" 403 31 "-" "PostmanRuntime/7.43.3"
::1 - - [23/Apr/2025:06:31:23 +0000] "GET /api/v1/admin/user HTTP/1.1" 200 609 "-" "PostmanRuntime/7.43.3"
::1 - - [23/Apr/2025:06:32:51 +0000] "GET /api/v1/admin/user HTTP/1.1" 500 183 "-" "PostmanRuntime/7.43.3"
::1 - - [23/Apr/2025:06:33:40 +0000] "GET /api/v1/admin/user HTTP/1.1" 200 267 "-" "PostmanRuntime/7.43.3"
::1 - - [23/Apr/2025:06:41:43 +0000] "POST /api/v1/register HTTP/1.1" 200 256 "-" "PostmanRuntime/7.43.3"
::1 - - [23/Apr/2025:06:47:29 +0000] "GET /api/v1/admin/users HTTP/1.1" 200 108 "-" "PostmanRuntime/7.43.3"
::1 - - [23/Apr/2025:06:51:54 +0000] "PATCH /api/v1/admin/users HTTP/1.1" 401 28 "-" "PostmanRuntime/7.43.3"
::1 - - [23/Apr/2025:06:52:13 +0000] "POST /api/v1/login HTTP/1.1" 200 363 "-" "PostmanRuntime/7.43.3"
::1 - - [23/Apr/2025:06:52:25 +0000] "PATCH /api/v1/admin/users HTTP/1.1" 404 44 "-" "PostmanRuntime/7.43.3"
::1 - - [23/Apr/2025:06:52:36 +0000] "PATCH /api/v1/admin/users/:1/lock HTTP/1.1" 404 26 "-" "PostmanRuntime/7.43.3"
::1 - - [23/Apr/2025:06:52:41 +0000] "PATCH /api/v1/admin/users/1/lock HTTP/1.1" 404 26 "-" "PostmanRuntime/7.43.3"
::1 - - [23/Apr/2025:06:52:43 +0000] "PATCH /api/v1/admin/users/1/lock HTTP/1.1" 404 26 "-" "PostmanRuntime/7.43.3"
::1 - - [23/Apr/2025:06:53:08 +0000] "PATCH /api/v1/admin/users/1/lock HTTP/1.1" 200 251 "-" "PostmanRuntime/7.43.3"
::1 - - [23/Apr/2025:06:53:24 +0000] "PATCH /api/v1/admin/users/2/lock HTTP/1.1" 200 46 "-" "PostmanRuntime/7.43.3"
::1 - - [23/Apr/2025:06:53:34 +0000] "PATCH /api/v1/admin/users/1/lock HTTP/1.1" 200 251 "-" "PostmanRuntime/7.43.3"
::1 - - [23/Apr/2025:06:54:16 +0000] "PATCH /api/v1/admin/users/1/lock HTTP/1.1" 200 38 "-" "PostmanRuntime/7.43.3"
::1 - - [23/Apr/2025:06:54:47 +0000] "PATCH /api/v1/admin/users/1/lock HTTP/1.1" 500 32 "-" "PostmanRuntime/7.43.3"
::1 - - [23/Apr/2025:06:55:52 +0000] "PATCH /api/v1/admin/users/1/lock HTTP/1.1" 500 32 "-" "PostmanRuntime/7.43.3"
::1 - - [23/Apr/2025:06:55:54 +0000] "PATCH /api/v1/admin/users/1/lock HTTP/1.1" 500 32 "-" "PostmanRuntime/7.43.3"
::1 - - [23/Apr/2025:06:56:06 +0000] "PATCH /api/v1/admin/users/1/lock HTTP/1.1" 500 32 "-" "PostmanRuntime/7.43.3"
::1 - - [23/Apr/2025:06:56:21 +0000] "PATCH /api/v1/admin/users/1/lock HTTP/1.1" 500 32 "-" "PostmanRuntime/7.43.3"
::1 - - [23/Apr/2025:06:56:34 +0000] "PATCH /api/v1/admin/users/1/lock HTTP/1.1" 500 32 "-" "PostmanRuntime/7.43.3"
::1 - - [23/Apr/2025:06:56:46 +0000] "PATCH /api/v1/admin/users/1/lock HTTP/1.1" 500 32 "-" "PostmanRuntime/7.43.3"
::1 - - [23/Apr/2025:06:57:10 +0000] "PATCH /api/v1/admin/users/1/lock HTTP/1.1" 500 32 "-" "PostmanRuntime/7.43.3"
::1 - - [23/Apr/2025:06:57:31 +0000] "PATCH /api/v1/admin/users/1/lock HTTP/1.1" 200 52 "-" "PostmanRuntime/7.43.3"
::1 - - [23/Apr/2025:07:10:58 +0000] "POST /api/v1/register HTTP/1.1" 200 255 "-" "PostmanRuntime/7.43.3"
::1 - - [23/Apr/2025:07:11:44 +0000] "POST /api/v1/register HTTP/1.1" 200 260 "-" "PostmanRuntime/7.43.3"
::1 - - [23/Apr/2025:07:12:04 +0000] "GET /api/v1/admin/users HTTP/1.1" 403 31 "-" "PostmanRuntime/7.43.3"
::1 - - [23/Apr/2025:07:12:16 +0000] "GET /api/v1/admin/users HTTP/1.1" 200 173 "-" "PostmanRuntime/7.43.3"
::1 - - [23/Apr/2025:07:12:43 +0000] "PATCH /api/v1/admin/users/1/lock HTTP/1.1" 500 65 "-" "PostmanRuntime/7.43.3"
::1 - - [23/Apr/2025:07:13:00 +0000] "PATCH /api/v1/admin/users/1/lock HTTP/1.1" 200 46 "-" "PostmanRuntime/7.43.3"
::1 - - [23/Apr/2025:07:13:24 +0000] "POST /api/v1/login HTTP/1.1" 200 362 "-" "PostmanRuntime/7.43.3"
::1 - - [23/Apr/2025:07:13:26 +0000] "POST /api/v1/login HTTP/1.1" 200 362 "-" "PostmanRuntime/7.43.3"
::1 - - [23/Apr/2025:07:14:18 +0000] "POST /api/v1/login HTTP/1.1" 401 25 "-" "PostmanRuntime/7.43.3"
::1 - - [23/Apr/2025:07:14:25 +0000] "POST /api/v1/login HTTP/1.1" 401 25 "-" "PostmanRuntime/7.43.3"
::1 - - [23/Apr/2025:07:15:36 +0000] "POST /api/v1/login HTTP/1.1" 401 25 "-" "PostmanRuntime/7.43.3"
::1 - - [23/Apr/2025:07:17:53 +0000] "POST /api/v1/login HTTP/1.1" 200 351 "-" "PostmanRuntime/7.43.3"
::1 - - [23/Apr/2025:07:18:25 +0000] "POST /api/v1/login HTTP/1.1" 503 26 "-" "PostmanRuntime/7.43.3"
::1 - - [23/Apr/2025:07:19:04 +0000] "POST /api/v1/login HTTP/1.1" 503 26 "-" "PostmanRuntime/7.43.3"
::1 - - [23/Apr/2025:07:19:11 +0000] "POST /api/v1/login HTTP/1.1" 503 26 "-" "PostmanRuntime/7.43.3"
::1 - - [23/Apr/2025:07:19:12 +0000] "POST /api/v1/login HTTP/1.1" 503 26 "-" "PostmanRuntime/7.43.3"
::1 - - [23/Apr/2025:07:19:13 +0000] "POST /api/v1/login HTTP/1.1" 503 26 "-" "PostmanRuntime/7.43.3"
::1 - - [23/Apr/2025:07:19:14 +0000] "POST /api/v1/login HTTP/1.1" 503 26 "-" "PostmanRuntime/7.43.3"
::1 - - [23/Apr/2025:07:19:15 +0000] "POST /api/v1/login HTTP/1.1" 503 26 "-" "PostmanRuntime/7.43.3"
::1 - - [23/Apr/2025:07:19:35 +0000] "POST /api/v1/login HTTP/1.1" 503 26 "-" "PostmanRuntime/7.43.3"
::1 - - [23/Apr/2025:07:19:43 +0000] "POST /api/v1/login HTTP/1.1" 500 33 "-" "PostmanRuntime/7.43.3"
::1 - - [23/Apr/2025:07:19:58 +0000] "POST /api/v1/login HTTP/1.1" 200 365 "-" "PostmanRuntime/7.43.3"
::1 - - [23/Apr/2025:07:20:10 +0000] "POST /api/v1/login HTTP/1.1" 200 365 "-" "PostmanRuntime/7.43.3"
::1 - - [23/Apr/2025:07:20:19 +0000] "POST /api/v1/login HTTP/1.1" 503 26 "-" "PostmanRuntime/7.43.3"
::1 - - [23/Apr/2025:07:20:46 +0000] "PATCH /api/v1/admin/users/1/lock HTTP/1.1" 200 45 "-" "PostmanRuntime/7.43.3"
::1 - - [23/Apr/2025:07:21:48 +0000] "PATCH /api/v1/admin/users/1/lock HTTP/1.1" 200 45 "-" "PostmanRuntime/7.43.3"
::1 - - [23/Apr/2025:07:21:50 +0000] "PATCH /api/v1/admin/users/1/lock HTTP/1.1" 200 47 "-" "PostmanRuntime/7.43.3"
::1 - - [23/Apr/2025:07:22:01 +0000] "PATCH /api/v1/admin/users/1/lock HTTP/1.1" 200 45 "-" "PostmanRuntime/7.43.3"
::1 - - [23/Apr/2025:07:34:01 +0000] "POST /api/v1/register HTTP/1.1" - - "-" "PostmanRuntime/7.43.3"
::1 - - [23/Apr/2025:07:34:03 +0000] "POST /api/v1/register HTTP/1.1" - - "-" "PostmanRuntime/7.43.3"
::1 - - [23/Apr/2025:07:36:31 +0000] "POST /api/v1/register HTTP/1.1" 500 67 "-" "PostmanRuntime/7.43.3"
::1 - - [23/Apr/2025:07:37:00 +0000] "POST /api/v1/register HTTP/1.1" 500 67 "-" "PostmanRuntime/7.43.3"
::1 - - [23/Apr/2025:07:37:18 +0000] "POST /api/v1/register HTTP/1.1" 400 215 "-" "PostmanRuntime/7.43.3"
::1 - - [23/Apr/2025:07:38:33 +0000] "POST /api/v1/register HTTP/1.1" 400 215 "-" "PostmanRuntime/7.43.3"
::1 - - [23/Apr/2025:07:40:35 +0000] "POST /api/v1/register HTTP/1.1" 400 215 "-" "PostmanRuntime/7.43.3"
::1 - - [23/Apr/2025:07:42:51 +0000] "POST /api/v1/login HTTP/1.1" 503 26 "-" "PostmanRuntime/7.43.3"
::1 - - [23/Apr/2025:07:42:52 +0000] "POST /api/v1/login HTTP/1.1" 503 26 "-" "PostmanRuntime/7.43.3"
::1 - - [23/Apr/2025:07:42:53 +0000] "POST /api/v1/login HTTP/1.1" 503 26 "-" "PostmanRuntime/7.43.3"
::1 - - [23/Apr/2025:07:42:56 +0000] "POST /api/v1/login HTTP/1.1" 503 26 "-" "PostmanRuntime/7.43.3"
::1 - - [23/Apr/2025:07:43:31 +0000] "POST /api/v1/login HTTP/1.1" 500 45 "-" "PostmanRuntime/7.43.3"
::1 - - [23/Apr/2025:07:44:40 +0000] "POST /api/v1/login HTTP/1.1" 500 45 "-" "PostmanRuntime/7.43.3"
::1 - - [23/Apr/2025:07:45:08 +0000] "POST /api/v1/login HTTP/1.1" 500 45 "-" "PostmanRuntime/7.43.3"
::1 - - [23/Apr/2025:07:45:21 +0000] "POST /api/v1/login HTTP/1.1" 500 45 "-" "PostmanRuntime/7.43.3"
::1 - - [23/Apr/2025:07:45:22 +0000] "POST /api/v1/login HTTP/1.1" 500 45 "-" "PostmanRuntime/7.43.3"
::1 - - [23/Apr/2025:07:45:23 +0000] "POST /api/v1/login HTTP/1.1" 500 45 "-" "PostmanRuntime/7.43.3"
::1 - - [23/Apr/2025:07:45:24 +0000] "POST /api/v1/login HTTP/1.1" 500 45 "-" "PostmanRuntime/7.43.3"
::1 - - [23/Apr/2025:07:45:24 +0000] "POST /api/v1/login HTTP/1.1" 500 45 "-" "PostmanRuntime/7.43.3"
::1 - - [23/Apr/2025:07:45:25 +0000] "POST /api/v1/login HTTP/1.1" 500 45 "-" "PostmanRuntime/7.43.3"
::1 - - [23/Apr/2025:07:45:26 +0000] "POST /api/v1/login HTTP/1.1" 500 45 "-" "PostmanRuntime/7.43.3"
::1 - - [23/Apr/2025:07:45:28 +0000] "POST /api/v1/login HTTP/1.1" 500 45 "-" "PostmanRuntime/7.43.3"
::1 - - [23/Apr/2025:07:47:15 +0000] "POST /api/v1/login HTTP/1.1" 400 59 "-" "PostmanRuntime/7.43.3"
::1 - - [23/Apr/2025:07:47:25 +0000] "POST /api/v1/login HTTP/1.1" 400 92 "-" "PostmanRuntime/7.43.3"
::1 - - [23/Apr/2025:07:47:31 +0000] "POST /api/v1/login HTTP/1.1" 200 365 "-" "PostmanRuntime/7.43.3"
::1 - - [23/Apr/2025:07:49:01 +0000] "POST /api/v1/register HTTP/1.1" 200 252 "-" "PostmanRuntime/7.43.3"
::1 - - [23/Apr/2025:07:49:21 +0000] "POST /api/v1/register HTTP/1.1" 400 59 "-" "PostmanRuntime/7.43.3"
::1 - - [23/Apr/2025:08:00:51 +0000] "POST /api/v1/register HTTP/1.1" 400 183 "-" "PostmanRuntime/7.43.3"
::1 - - [23/Apr/2025:08:01:10 +0000] "POST /api/v1/admin/products HTTP/1.1" 401 28 "-" "PostmanRuntime/7.43.3"
::1 - - [23/Apr/2025:08:02:16 +0000] "POST /api/v1/login HTTP/1.1" 500 45 "-" "PostmanRuntime/7.43.3"
::1 - - [23/Apr/2025:08:02:19 +0000] "POST /api/v1/login HTTP/1.1" 500 45 "-" "PostmanRuntime/7.43.3"
::1 - - [23/Apr/2025:08:02:31 +0000] "POST /api/v1/login HTTP/1.1" 200 365 "-" "PostmanRuntime/7.43.3"
::1 - - [23/Apr/2025:08:02:40 +0000] "POST /api/v1/login HTTP/1.1" 200 366 "-" "PostmanRuntime/7.43.3"
::1 - - [23/Apr/2025:08:02:52 +0000] "PATCH /api/v1/admin/users/1/lock HTTP/1.1" 200 45 "-" "PostmanRuntime/7.43.3"
::1 - - [23/Apr/2025:08:02:54 +0000] "PATCH /api/v1/admin/users/1/lock HTTP/1.1" 200 47 "-" "PostmanRuntime/7.43.3"
::1 - - [23/Apr/2025:08:03:19 +0000] "POST /api/v1/admin/products HTTP/1.1" 404 44 "-" "PostmanRuntime/7.43.3"
::1 - - [23/Apr/2025:08:04:01 +0000] "POST /api/v1/admin/products HTTP/1.1" 400 53 "-" "PostmanRuntime/7.43.3"
::1 - - [23/Apr/2025:08:04:24 +0000] "POST /api/v1/admin/products HTTP/1.1" 400 77 "-" "PostmanRuntime/7.43.3"
::1 - - [23/Apr/2025:08:04:37 +0000] "POST /api/v1/admin/products HTTP/1.1" 400 126 "-" "PostmanRuntime/7.43.3"
::1 - - [23/Apr/2025:08:04:58 +0000] "POST /api/v1/admin/products HTTP/1.1" - - "-" "PostmanRuntime/7.43.3"
::1 - - [23/Apr/2025:08:09:26 +0000] "POST /api/v1/admin/products HTTP/1.1" 500 35 "-" "PostmanRuntime/7.43.3"
::1 - - [23/Apr/2025:08:09:53 +0000] "POST /api/v1/admin/products HTTP/1.1" 200 45 "-" "PostmanRuntime/7.43.3"
::1 - - [23/Apr/2025:08:14:38 +0000] "POST /api/v1/admin/products HTTP/1.1" 200 35 "-" "PostmanRuntime/7.43.3"
::1 - - [23/Apr/2025:08:25:54 +0000] "POST /api/v1/register HTTP/1.1" 400 59 "-" "PostmanRuntime/7.43.3"
::1 - - [23/Apr/2025:08:26:00 +0000] "POST /api/v1/register HTTP/1.1" 500 32 "-" "PostmanRuntime/7.43.3"
::1 - - [23/Apr/2025:08:26:42 +0000] "POST /api/v1/register HTTP/1.1" 500 29 "-" "PostmanRuntime/7.43.3"
::1 - - [23/Apr/2025:08:27:30 +0000] "POST /api/v1/register HTTP/1.1" 200 260 "-" "PostmanRuntime/7.43.3"
::1 - - [23/Apr/2025:08:28:48 +0000] "POST /api/v1/login HTTP/1.1" 500 34 "-" "PostmanRuntime/7.43.3"
::1 - - [23/Apr/2025:08:29:18 +0000] "POST /api/v1/login HTTP/1.1" 500 33 "-" "PostmanRuntime/7.43.3"
::1 - - [23/Apr/2025:08:29:49 +0000] "POST /api/v1/login HTTP/1.1" 200 366 "-" "PostmanRuntime/7.43.3"
::1 - - [23/Apr/2025:08:31:46 +0000] "POST /api/v1/login HTTP/1.1" 200 366 "-" "PostmanRuntime/7.43.3"
::1 - - [23/Apr/2025:08:40:51 +0000] "GET /api/v1/admin/users HTTP/1.1" 401 29 "-" "PostmanRuntime/7.43.3"
::1 - - [23/Apr/2025:08:41:03 +0000] "GET /api/v1/admin/users HTTP/1.1" 200 366 "-" "PostmanRuntime/7.43.3"
::1 - - [23/Apr/2025:08:41:14 +0000] "POST /api/v1/admin/products HTTP/1.1" 200 35 "-" "PostmanRuntime/7.43.3"
::1 - - [23/Apr/2025:08:42:52 +0000] "POST /api/v1/products HTTP/1.1" 401 28 "-" "PostmanRuntime/7.43.3"
::1 - - [23/Apr/2025:08:43:55 +0000] "POST /api/v1/products HTTP/1.1" 404 44 "-" "PostmanRuntime/7.43.3"
::1 - - [23/Apr/2025:08:43:59 +0000] "GET /api/v1/products HTTP/1.1" 400 49 "-" "PostmanRuntime/7.43.3"
::1 - - [23/Apr/2025:08:46:56 +0000] "POST /api/v1/register HTTP/1.1" 400 57 "-" "PostmanRuntime/7.43.3"
::1 - - [23/Apr/2025:08:47:04 +0000] "GET /api/v1/products HTTP/1.1" 400 49 "-" "PostmanRuntime/7.43.3"
::1 - - [23/Apr/2025:08:47:53 +0000] "GET /api/v1/products HTTP/1.1" 400 49 "-" "PostmanRuntime/7.43.3"
::1 - - [23/Apr/2025:08:48:05 +0000] "GET /api/v1/products HTTP/1.1" 400 49 "-" "PostmanRuntime/7.43.3"
::1 - - [23/Apr/2025:08:48:40 +0000] "GET /api/v1/products HTTP/1.1" 400 49 "-" "PostmanRuntime/7.43.3"
::1 - - [23/Apr/2025:08:48:58 +0000] "GET /api/v1/products HTTP/1.1" 400 92 "-" "PostmanRuntime/7.43.3"
::1 - - [23/Apr/2025:08:50:03 +0000] "GET /api/v1/products HTTP/1.1" 400 92 "-" "PostmanRuntime/7.43.3"
::1 - - [23/Apr/2025:08:50:55 +0000] "GET /api/v1/products HTTP/1.1" 500 67 "-" "PostmanRuntime/7.43.3"
::1 - - [23/Apr/2025:08:51:14 +0000] "GET /api/v1/products HTTP/1.1" 500 67 "-" "PostmanRuntime/7.43.3"
::1 - - [23/Apr/2025:08:51:29 +0000] "GET /api/v1/products HTTP/1.1" 500 67 "-" "PostmanRuntime/7.43.3"
::1 - - [23/Apr/2025:08:51:38 +0000] "GET /api/v1/products HTTP/1.1" 500 67 "-" "PostmanRuntime/7.43.3"
::1 - - [23/Apr/2025:08:51:49 +0000] "GET /api/v1/products HTTP/1.1" 500 67 "-" "PostmanRuntime/7.43.3"
::1 - - [23/Apr/2025:08:51:58 +0000] "GET /api/v1/products HTTP/1.1" 500 67 "-" "PostmanRuntime/7.43.3"
::1 - - [23/Apr/2025:08:52:59 +0000] "GET /api/v1/products HTTP/1.1" 500 67 "-" "PostmanRuntime/7.43.3"
::1 - - [23/Apr/2025:08:53:38 +0000] "GET /api/v1/products HTTP/1.1" 500 67 "-" "PostmanRuntime/7.43.3"
::1 - - [23/Apr/2025:08:53:57 +0000] "GET /api/v1/products HTTP/1.1" 500 67 "-" "PostmanRuntime/7.43.3"
::1 - - [23/Apr/2025:08:54:38 +0000] "GET /api/v1/products HTTP/1.1" 500 67 "-" "PostmanRuntime/7.43.3"
::1 - - [23/Apr/2025:08:55:00 +0000] "GET /api/v1/products HTTP/1.1" 500 67 "-" "PostmanRuntime/7.43.3"
::1 - - [23/Apr/2025:08:55:27 +0000] "GET /api/v1/products HTTP/1.1" 500 67 "-" "PostmanRuntime/7.43.3"
::1 - - [23/Apr/2025:08:56:30 +0000] "GET /api/v1/products HTTP/1.1" 400 73 "-" "PostmanRuntime/7.43.3"
::1 - - [23/Apr/2025:08:57:04 +0000] "GET /api/v1/products HTTP/1.1" 500 67 "-" "PostmanRuntime/7.43.3"
::1 - - [23/Apr/2025:09:00:41 +0000] "GET /api/v1/products HTTP/1.1" 400 49 "-" "PostmanRuntime/7.43.3"
::1 - - [23/Apr/2025:09:01:01 +0000] "GET /api/v1/products HTTP/1.1" 400 49 "-" "PostmanRuntime/7.43.3"
::1 - - [23/Apr/2025:09:01:14 +0000] "GET /api/v1/products HTTP/1.1" 400 49 "-" "PostmanRuntime/7.43.3"
::1 - - [23/Apr/2025:09:01:19 +0000] "GET /api/v1/products HTTP/1.1" 400 49 "-" "PostmanRuntime/7.43.3"
::1 - - [23/Apr/2025:09:01:21 +0000] "GET /api/v1/products HTTP/1.1" 400 49 "-" "PostmanRuntime/7.43.3"
::1 - - [23/Apr/2025:09:01:39 +0000] "GET /api/v1/products HTTP/1.1" 400 37 "-" "PostmanRuntime/7.43.3"
::1 - - [23/Apr/2025:09:02:53 +0000] "GET /api/v1/products?search=fdasfdsa&category=fdasfdsa HTTP/1.1" 401 28 "-" "PostmanRuntime/7.43.3"
::1 - - [23/Apr/2025:09:03:01 +0000] "GET /api/v1/products?search=fdasfdsa&category=fdasfdsa HTTP/1.1" 401 28 "-" "PostmanRuntime/7.43.3"
::1 - - [23/Apr/2025:09:03:08 +0000] "GET /api/v1/products?search=fdasfdsa&category=fdasfdsa HTTP/1.1" 401 28 "-" "PostmanRuntime/7.43.3"
::1 - - [23/Apr/2025:09:04:21 +0000] "GET /api/v1/products?search=fdasfdsa&category=fdasfdsa HTTP/1.1" 401 28 "-" "PostmanRuntime/7.43.3"
::1 - - [23/Apr/2025:09:06:21 +0000] "GET /api/v1/products?search=fdasfdsa&category=fdasfdsa HTTP/1.1" 400 92 "-" "PostmanRuntime/7.43.3"
::1 - - [23/Apr/2025:09:07:18 +0000] "GET /api/v1/products?search=fdasfdsa&category=fdasfdsa HTTP/1.1" 200 6 "-" "PostmanRuntime/7.43.3"
::1 - - [23/Apr/2025:09:12:41 +0000] "GET /api/v1/products?search=fdasfdsa&category=fdasfdsa HTTP/1.1" 400 75 "-" "PostmanRuntime/7.43.3"
::1 - - [23/Apr/2025:09:13:36 +0000] "GET /api/v1/products?search=fdasfdsa&category=fdasfdsa HTTP/1.1" 400 75 "-" "PostmanRuntime/7.43.3"
::1 - - [23/Apr/2025:09:16:42 +0000] "GET /api/v1/products?search=fdasfdsa&category=fdasfdsa HTTP/1.1" 400 75 "-" "PostmanRuntime/7.43.3"
::1 - - [23/Apr/2025:09:16:44 +0000] "GET /api/v1/products?search=fdasfdsa&category=fdasfdsa HTTP/1.1" 400 75 "-" "PostmanRuntime/7.43.3"
::1 - - [23/Apr/2025:09:16:56 +0000] "GET /api/v1/products?search=fdasfdsa&category=fdasfdsa HTTP/1.1" 400 75 "-" "PostmanRuntime/7.43.3"
::1 - - [23/Apr/2025:09:16:57 +0000] "GET /api/v1/products?search=fdasfdsa&category=fdasfdsa HTTP/1.1" 400 75 "-" "PostmanRuntime/7.43.3"
::1 - - [23/Apr/2025:09:16:58 +0000] "GET /api/v1/products?search=fdasfdsa&category=fdasfdsa HTTP/1.1" 400 75 "-" "PostmanRuntime/7.43.3"
::1 - - [23/Apr/2025:09:17:54 +0000] "GET /api/v1/products?search=fdasfdsa&category=fdasfdsa HTTP/1.1" 400 75 "-" "PostmanRuntime/7.43.3"
::1 - - [23/Apr/2025:09:17:56 +0000] "GET /api/v1/products?search=fdasfdsa&category=fdasfdsa HTTP/1.1" 400 75 "-" "PostmanRuntime/7.43.3"
::1 - - [23/Apr/2025:09:18:28 +0000] "GET /api/v1/products?search=fdasfdsa&category=fdasfdsa&=0 HTTP/1.1" 400 75 "-" "PostmanRuntime/7.43.3"
::1 - - [23/Apr/2025:09:18:35 +0000] "GET /api/v1/products?search=fdasfdsa&category=fdasfdsa&=0 HTTP/1.1" 400 75 "-" "PostmanRuntime/7.43.3"
::1 - - [23/Apr/2025:09:18:37 +0000] "GET /api/v1/products?search=fdasfdsa&category=fdasfdsa&=0 HTTP/1.1" 400 75 "-" "PostmanRuntime/7.43.3"
::1 - - [23/Apr/2025:09:19:00 +0000] "GET /api/v1/products?search=fdasfdsa&category=fdasfdsa&page=0&limit=10 HTTP/1.1" 400 75 "-" "PostmanRuntime/7.43.3"
::1 - - [23/Apr/2025:09:19:13 +0000] "GET /api/v1/products?search=fdasfdsa&category=fdasfdsa&page=1&limit=10 HTTP/1.1" 200 6 "-" "PostmanRuntime/7.43.3"
::1 - - [23/Apr/2025:09:19:26 +0000] "GET /api/v1/products?search=fdasfdsa&category=fdasfdsa&page=0&limit=10 HTTP/1.1" 400 75 "-" "PostmanRuntime/7.43.3"
::1 - - [23/Apr/2025:09:19:46 +0000] "GET /api/v1/products?search=fdasfdsa&category=fdasfdsa&page=0&limit=10 HTTP/1.1" 400 75 "-" "PostmanRuntime/7.43.3"
::1 - - [23/Apr/2025:09:19:47 +0000] "GET /api/v1/products?search=fdasfdsa&category=fdasfdsa&page=0&limit=10 HTTP/1.1" 400 75 "-" "PostmanRuntime/7.43.3"
::1 - - [23/Apr/2025:09:20:24 +0000] "GET /api/v1/products?search=fdasfdsa&category=fdasfdsa&page=0&limit=10 HTTP/1.1" 200 6 "-" "PostmanRuntime/7.43.3"
::1 - - [23/Apr/2025:09:20:49 +0000] "GET /api/v1/products?search=fdasfdsa&category=fdasfdsa&page=0&limit=10 HTTP/1.1" 200 6 "-" "PostmanRuntime/7.43.3"
::1 - - [23/Apr/2025:09:39:11 +0000] "GET /api/v1/products?search=fdasfdsa&category=fdasfdsa&page=0&limit=10 HTTP/1.1" 200 6 "-" "PostmanRuntime/7.43.3"
::1 - - [23/Apr/2025:09:41:43 +0000] "GET /api/v1/products?search=fdasfdsa&category=fdasfdsa&page=0&limit=10 HTTP/1.1" 200 6 "-" "PostmanRuntime/7.43.3"
::1 - - [23/Apr/2025:09:43:21 +0000] "GET /api/v1/products?search=fdasfdsa&category=fdasfdsa&page=0&limit=10 HTTP/1.1" 400 193 "-" "PostmanRuntime/7.43.3"
::1 - - [23/Apr/2025:09:44:13 +0000] "GET /api/v1/products?search=fdasfdsa&category=fdasfdsa&page=0&limit=10 HTTP/1.1" 400 193 "-" "PostmanRuntime/7.43.3"
::1 - - [23/Apr/2025:09:46:27 +0000] "GET /api/v1/products?search=fdasfdsa&category=fdasfdsa&page=0&limit=10 HTTP/1.1" 400 193 "-" "PostmanRuntime/7.43.3"
::1 - - [23/Apr/2025:09:47:30 +0000] "GET /api/v1/products?search=fdasfdsa&category=fdasfdsa&page=0&limit=10 HTTP/1.1" 200 402 "-" "PostmanRuntime/7.43.3"
::1 - - [23/Apr/2025:09:49:00 +0000] "GET /api/v1/products?search=fdasfdsa&category=fdasfdsa&page=0&limit=10 HTTP/1.1" 200 402 "-" "PostmanRuntime/7.43.3"
::1 - - [23/Apr/2025:09:49:29 +0000] "GET /api/v1/products?search=fdasfdsa&category=fdasfdsa&page=0&limit=10 HTTP/1.1" 200 584 "-" "PostmanRuntime/7.43.3"
::1 - - [23/Apr/2025:09:50:17 +0000] "GET /api/v1/products?search=fdasfdsa&category=fdasfdsa&page=0&limit=10 HTTP/1.1" 400 193 "-" "PostmanRuntime/7.43.3"
::1 - - [23/Apr/2025:09:50:42 +0000] "GET /api/v1/products?search=fdasfdsa&category=fdasfdsa&page=0&limit=10 HTTP/1.1" 400 58 "-" "PostmanRuntime/7.43.3"
::1 - - [23/Apr/2025:09:51:10 +0000] "GET /api/v1/products?search=fdasfdsa&category=fdasfdsa&page=0&limit=10 HTTP/1.1" 400 207 "-" "PostmanRuntime/7.43.3"
::1 - - [23/Apr/2025:09:51:47 +0000] "GET /api/v1/products?search=fdasfdsa&category=fdasfdsa&page=0&limit=10 HTTP/1.1" 400 207 "-" "PostmanRuntime/7.43.3"
::1 - - [23/Apr/2025:09:52:10 +0000] "GET /api/v1/products?search=fdasfdsa&category=fdasfdsa&page=0&limit=10 HTTP/1.1" 400 208 "-" "PostmanRuntime/7.43.3"
::1 - - [23/Apr/2025:09:53:11 +0000] "GET /api/v1/products?search=fdasfdsa&category=fdasfdsa&page=0&limit=10 HTTP/1.1" 200 584 "-" "PostmanRuntime/7.43.3"
::1 - - [23/Apr/2025:09:53:34 +0000] "GET /api/v1/products?search=fdasfdsa&category=fdasfdsa&page=0&limit=10 HTTP/1.1" 200 584 "-" "PostmanRuntime/7.43.3"
::1 - - [23/Apr/2025:09:53:36 +0000] "GET /api/v1/products?search=fdasfdsa&category=fdasfdsa&page=0&limit=10 HTTP/1.1" 200 584 "-" "PostmanRuntime/7.43.3"
::1 - - [23/Apr/2025:09:53:59 +0000] "GET /api/v1/products?search=fdasfdsa&category=fdasfdsa&page=0&limit=10 HTTP/1.1" 200 584 "-" "PostmanRuntime/7.43.3"
::1 - - [23/Apr/2025:09:54:00 +0000] "GET /api/v1/products?search=fdasfdsa&category=fdasfdsa&page=0&limit=10 HTTP/1.1" 200 584 "-" "PostmanRuntime/7.43.3"
::1 - - [23/Apr/2025:09:54:11 +0000] "GET /api/v1/products?search=fdasfdsa&category=fdasfdsa&page=0&limit=1 HTTP/1.1" 200 218 "-" "PostmanRuntime/7.43.3"
::1 - - [23/Apr/2025:09:54:17 +0000] "GET /api/v1/products?search=fdasfdsa&category=fdasfdsa&page=0&limit=2 HTTP/1.1" 200 400 "-" "PostmanRuntime/7.43.3"
::1 - - [23/Apr/2025:09:54:25 +0000] "GET /api/v1/products?search=fdasfdsa&category=fdasfdsa&page=1&limit=1 HTTP/1.1" 200 218 "-" "PostmanRuntime/7.43.3"
::1 - - [23/Apr/2025:09:55:20 +0000] "GET /api/v1/products?search=fdasfdsa&category=fdasfdsa&page=1&limit=2 HTTP/1.1" 200 400 "-" "PostmanRuntime/7.43.3"
::1 - - [23/Apr/2025:09:55:29 +0000] "GET /api/v1/products?search=fdasfdsa&category=fdasfdsa&page=2&limit=1 HTTP/1.1" 200 218 "-" "PostmanRuntime/7.43.3"
::1 - - [23/Apr/2025:09:55:56 +0000] "GET /api/v1/products?search=fdasfdsa&category=fdasfdsa&page=2&limit=1 HTTP/1.1" 200 37 "-" "PostmanRuntime/7.43.3"
::1 - - [23/Apr/2025:09:56:04 +0000] "GET /api/v1/products?search=fdasfdsa&category=fdasfdsa&page=0&limit=1 HTTP/1.1" 200 218 "-" "PostmanRuntime/7.43.3"
::1 - - [23/Apr/2025:09:56:08 +0000] "GET /api/v1/products?search=fdasfdsa&category=fdasfdsa&page=0&limit=2 HTTP/1.1" 200 400 "-" "PostmanRuntime/7.43.3"
::1 - - [23/Apr/2025:09:56:25 +0000] "GET /api/v1/products?search=fdasfdsa&category=fdasfdsa&page=1&limit=2 HTTP/1.1" 200 37 "-" "PostmanRuntime/7.43.3"
::1 - - [23/Apr/2025:09:56:49 +0000] "POST /api/v1/admin/products HTTP/1.1" 401 29 "-" "PostmanRuntime/7.43.3"
::1 - - [23/Apr/2025:10:10:16 +0000] "POST /api/v1/admin/products HTTP/1.1" 401 29 "-" "PostmanRuntime/7.43.3"
::1 - - [23/Apr/2025:10:10:17 +0000] "POST /api/v1/admin/products HTTP/1.1" 401 29 "-" "PostmanRuntime/7.43.3"
::1 - - [23/Apr/2025:10:10:21 +0000] "POST /api/v1/login HTTP/1.1" 200 366 "-" "PostmanRuntime/7.43.3"
::1 - - [23/Apr/2025:10:10:35 +0000] "GET /api/v1/products?search=fdasfdsa&category=fdasfdsa&page=1&limit=2 HTTP/1.1" 400 65 "-" "PostmanRuntime/7.43.3"
::1 - - [23/Apr/2025:10:10:37 +0000] "GET /api/v1/products?search=fdasfdsa&category=fdasfdsa&page=1&limit=2 HTTP/1.1" 400 65 "-" "PostmanRuntime/7.43.3"
::1 - - [23/Apr/2025:10:10:56 +0000] "GET /api/v1/products?search=fdasfdsa&category=fdasfdsa&page=1&limit=2 HTTP/1.1" 200 27 "-" "PostmanRuntime/7.43.3"
::1 - - [23/Apr/2025:10:11:07 +0000] "GET /api/v1/products?search=fdasfdsa&category=fdasfdsa&page=1&limit=2 HTTP/1.1" 200 27 "-" "PostmanRuntime/7.43.3"
::1 - - [23/Apr/2025:10:11:37 +0000] "GET /api/v1/products?search=fdasfdsa&category=fdasfdsa&page=1&limit=2 HTTP/1.1" 200 10395 "-" "PostmanRuntime/7.43.3"
::1 - - [23/Apr/2025:10:11:47 +0000] "GET /api/v1/products?search=fdasfdsa&category=fdasfdsa&page=1&limit=2 HTTP/1.1" 200 37 "-" "PostmanRuntime/7.43.3"
::1 - - [23/Apr/2025:10:11:55 +0000] "GET /api/v1/products?search=fdasfdsa&category=fdasfdsa&page=0&limit=10 HTTP/1.1" 200 584 "-" "PostmanRuntime/7.43.3"
::1 - - [23/Apr/2025:10:12:07 +0000] "GET /api/v1/products?search=fdasfdsa&category=nam&page=0&limit=10 HTTP/1.1" 200 584 "-" "PostmanRuntime/7.43.3"
::1 - - [23/Apr/2025:10:12:19 +0000] "GET /api/v1/products?search=fdasfdsa&category=he&page=0&limit=10 HTTP/1.1" 200 584 "-" "PostmanRuntime/7.43.3"
::1 - - [23/Apr/2025:10:13:16 +0000] "GET /api/v1/products?category=he&page=0&limit=10 HTTP/1.1" 400 56 "-" "PostmanRuntime/7.43.3"
::1 - - [23/Apr/2025:10:13:59 +0000] "GET /api/v1/products?category=%C3%81o%20thun&page=0&limit=10 HTTP/1.1" 400 62 "-" "PostmanRuntime/7.43.3"
::1 - - [23/Apr/2025:10:14:51 +0000] "GET /api/v1/products?category=%C3%81o%20thun&page=0&limit=10 HTTP/1.1" 200 583 "-" "PostmanRuntime/7.43.3"
::1 - - [23/Apr/2025:10:18:43 +0000] "GET /api/v1/products?category=%C3%81o%20thun&page=0&limit=10 HTTP/1.1" 200 583 "-" "PostmanRuntime/7.43.3"
::1 - - [23/Apr/2025:10:18:50 +0000] "GET /api/v1/products?category=%C3%81o%20thun&page=0&limit=10 HTTP/1.1" 200 583 "-" "PostmanRuntime/7.43.3"
::1 - - [23/Apr/2025:10:19:06 +0000] "GET /api/v1/products?category=%C3%81o%20thun&page=0&limit=10 HTTP/1.1" 200 583 "-" "PostmanRuntime/7.43.3"
::1 - - [23/Apr/2025:10:19:33 +0000] "GET /api/v1/products?category=%C3%81o%20thun&page=0&limit=10 HTTP/1.1" 200 583 "-" "PostmanRuntime/7.43.3"
::1 - - [23/Apr/2025:10:20:08 +0000] "GET /api/v1/products?category=%C3%81o%20thun&page=0&limit=10 HTTP/1.1" 400 251 "-" "PostmanRuntime/7.43.3"
::1 - - [23/Apr/2025:10:21:39 +0000] "GET /api/v1/products?category=%C3%81o%20thun&page=0&limit=10 HTTP/1.1" 400 255 "-" "PostmanRuntime/7.43.3"
::1 - - [23/Apr/2025:10:21:54 +0000] "GET /api/v1/products?category=%C3%81o%20thun&page=0&limit=10 HTTP/1.1" 400 255 "-" "PostmanRuntime/7.43.3"
::1 - - [23/Apr/2025:10:23:26 +0000] "GET /api/v1/products?category=%C3%81o%20thun&page=0&limit=10 HTTP/1.1" 200 84 "-" "PostmanRuntime/7.43.3"
::1 - - [23/Apr/2025:10:24:23 +0000] "GET /api/v1/products?category=%C3%81o%20thun&page=0&limit=10 HTTP/1.1" 200 98 "-" "PostmanRuntime/7.43.3"
::1 - - [23/Apr/2025:10:24:38 +0000] "GET /api/v1/products?category=%C3%81o%20h%C3%A8&page=0&limit=10 HTTP/1.1" 200 66 "-" "PostmanRuntime/7.43.3"
::1 - - [23/Apr/2025:10:25:32 +0000] "GET /api/v1/products?category=%C3%81o%20h%C3%A8&page=0&limit=10 HTTP/1.1" 200 86 "-" "PostmanRuntime/7.43.3"
::1 - - [23/Apr/2025:10:25:52 +0000] "GET /api/v1/products?category=%C3%81o&page=0&limit=10 HTTP/1.1" 200 37 "-" "PostmanRuntime/7.43.3"
::1 - - [23/Apr/2025:10:26:27 +0000] "GET /api/v1/products?name=%C3%81o&page=0&limit=10 HTTP/1.1" 200 583 "-" "PostmanRuntime/7.43.3"
::1 - - [23/Apr/2025:10:26:35 +0000] "GET /api/v1/products?name=dong&page=0&limit=10 HTTP/1.1" 200 583 "-" "PostmanRuntime/7.43.3"
::1 - - [23/Apr/2025:10:26:41 +0000] "GET /api/v1/products?name=dong&page=0&limit=10 HTTP/1.1" 200 583 "-" "PostmanRuntime/7.43.3"
::1 - - [23/Apr/2025:10:26:52 +0000] "GET /api/v1/products?name=dong&page=0&limit=10 HTTP/1.1" 200 583 "-" "PostmanRuntime/7.43.3"
::1 - - [23/Apr/2025:10:27:04 +0000] "GET /api/v1/products?name=dong&page=0&limit=10 HTTP/1.1" 200 583 "-" "PostmanRuntime/7.43.3"
::1 - - [23/Apr/2025:10:28:03 +0000] "GET /api/v1/products?name=dong&page=0&limit=10 HTTP/1.1" 200 583 "-" "PostmanRuntime/7.43.3"
::1 - - [23/Apr/2025:10:28:19 +0000] "GET /api/v1/products?search=dong&page=0&limit=10 HTTP/1.1" 400 202 "-" "PostmanRuntime/7.43.3"
::1 - - [23/Apr/2025:10:29:54 +0000] "GET /api/v1/products?search=dong&page=0&limit=10 HTTP/1.1" 400 55 "-" "PostmanRuntime/7.43.3"
::1 - - [23/Apr/2025:10:30:22 +0000] "GET /api/v1/products?search=dong&page=0&limit=10 HTTP/1.1" 200 37 "-" "PostmanRuntime/7.43.3"
::1 - - [23/Apr/2025:10:30:48 +0000] "GET /api/v1/products?search=%C3%81o&page=0&limit=10 HTTP/1.1" 200 37 "-" "PostmanRuntime/7.43.3"
::1 - - [23/Apr/2025:10:30:49 +0000] "GET /api/v1/products?search=%C3%81o&page=0&limit=10 HTTP/1.1" 200 37 "-" "PostmanRuntime/7.43.3"
::1 - - [23/Apr/2025:10:31:55 +0000] "GET /api/v1/products?search=%C3%81o&page=0&limit=10 HTTP/1.1" 200 583 "-" "PostmanRuntime/7.43.3"
::1 - - [23/Apr/2025:10:32:04 +0000] "GET /api/v1/products?search=dong&page=0&limit=10 HTTP/1.1" 200 219 "-" "PostmanRuntime/7.43.3"
::1 - - [23/Apr/2025:10:32:35 +0000] "GET /api/v1/products?search=ao&page=0&limit=10 HTTP/1.1" 200 583 "-" "PostmanRuntime/7.43.3"
::1 - - [23/Apr/2025:10:32:55 +0000] "GET /api/v1/products?search=%E1%BA%A3o&page=0&limit=10 HTTP/1.1" 200 583 "-" "PostmanRuntime/7.43.3"
::1 - - [23/Apr/2025:10:33:04 +0000] "GET /api/v1/products?search=ua&page=0&limit=10 HTTP/1.1" 200 401 "-" "PostmanRuntime/7.43.3"
::1 - - [23/Apr/2025:10:33:10 +0000] "GET /api/v1/products?search=he&page=0&limit=10 HTTP/1.1" 200 218 "-" "PostmanRuntime/7.43.3"
::1 - - [23/Apr/2025:10:33:29 +0000] "GET /api/v1/products?page=0&limit=10 HTTP/1.1" 200 583 "-" "PostmanRuntime/7.43.3"
